<?xml version="1.0" encoding="UTF-8"?>
<coverage generated="1644026369724" clover="3.2.0">
  <project timestamp="1644026369724" name="All files">
    <metrics statements="7" coveredstatements="5" conditionals="8" coveredconditionals="8" methods="5" coveredmethods="3" elements="20" coveredelements="16" complexity="0" loc="7" ncloc="7" packages="1" files="1" classes="1"/>
    <file name="fizz_buzz.js" path="/Users/muratanaoya/work/chat-vue-sample/src/service/fizz_buzz.js">
      <metrics statements="7" coveredstatements="5" conditionals="8" coveredconditionals="8" methods="5" coveredmethods="3"/>
      <line num="2" count="0" type="stmt"/>
      <line num="3" count="0" type="stmt"/>
      <line num="8" count="4" type="cond" truecount="4" falsecount="0"/>
      <line num="9" count="3" type="cond" truecount="2" falsecount="0"/>
      <line num="10" count="2" type="cond" truecount="2" falsecount="0"/>
      <line num="14" count="5" type="stmt"/>
      <line num="18" count="6" type="stmt"/>
    </file>
  </project>
</coverage>
