<?xml version="1.0" encoding="UTF-8"?>
<coverage generated="1644037670708" clover="3.2.0">
  <project timestamp="1644037670708" name="All files">
    <metrics statements="13" coveredstatements="11" conditionals="12" coveredconditionals="12" methods="7" coveredmethods="5" elements="32" coveredelements="28" complexity="0" loc="13" ncloc="13" packages="1" files="2" classes="2"/>
    <file name="fizz_buzz.js" path="/Users/muratanaoya/work/chat-vue-sample/src/service/fizz_buzz.js">
      <metrics statements="7" coveredstatements="5" conditionals="8" coveredconditionals="8" methods="5" coveredmethods="3"/>
      <line num="2" count="0" type="stmt"/>
      <line num="3" count="0" type="stmt"/>
      <line num="8" count="4" type="cond" truecount="4" falsecount="0"/>
      <line num="9" count="3" type="cond" truecount="2" falsecount="0"/>
      <line num="10" count="2" type="cond" truecount="2" falsecount="0"/>
      <line num="14" count="5" type="stmt"/>
      <line num="18" count="6" type="stmt"/>
    </file>
    <file name="post_comment.js" path="/Users/muratanaoya/work/chat-vue-sample/src/service/post_comment.js">
      <metrics statements="6" coveredstatements="6" conditionals="4" coveredconditionals="4" methods="2" coveredmethods="2"/>
      <line num="2" count="1" type="stmt"/>
      <line num="3" count="1" type="stmt"/>
      <line num="7" count="3" type="stmt"/>
      <line num="8" count="3" type="cond" truecount="2" falsecount="0"/>
      <line num="9" count="3" type="cond" truecount="2" falsecount="0"/>
      <line num="10" count="3" type="stmt"/>
    </file>
  </project>
</coverage>
