{"/Users/muratanaoya/work/chat-vue-sample/src/service/fizz_buzz.js": {"path":"/Users/muratanaoya/work/chat-vue-sample/src/service/fizz_buzz.js","statementMap":{"0":{"start":{"line":2,"column":2},"end":{"line":4,"column":4}},"1":{"start":{"line":3,"column":4},"end":{"line":3,"column":19}},"2":{"start":{"line":8,"column":2},"end":{"line":8,"column":48}},"3":{"start":{"line":8,"column":30},"end":{"line":8,"column":48}},"4":{"start":{"line":9,"column":2},"end":{"line":9,"column":30}},"5":{"start":{"line":9,"column":17},"end":{"line":9,"column":30}},"6":{"start":{"line":10,"column":2},"end":{"line":10,"column":30}},"7":{"start":{"line":10,"column":17},"end":{"line":10,"column":30}},"8":{"start":{"line":14,"column":2},"end":{"line":14,"column":20}},"9":{"start":{"line":18,"column":2},"end":{"line":18,"column":20}}},"fnMap":{"0":{"name":"fizzBuzz","decl":{"start":{"line":1,"column":16},"end":{"line":1,"column":24}},"loc":{"start":{"line":1,"column":27},"end":{"line":5,"column":1}},"line":1},"1":{"name":"(anonymous_1)","decl":{"start":{"line":2,"column":33},"end":{"line":2,"column":34}},"loc":{"start":{"line":2,"column":40},"end":{"line":4,"column":3}},"line":2},"2":{"name":"calcFizzBuzz","decl":{"start":{"line":7,"column":16},"end":{"line":7,"column":28}},"loc":{"start":{"line":7,"column":34},"end":{"line":11,"column":1}},"line":7},"3":{"name":"buzz","decl":{"start":{"line":13,"column":9},"end":{"line":13,"column":13}},"loc":{"start":{"line":13,"column":17},"end":{"line":15,"column":1}},"line":13},"4":{"name":"fizz","decl":{"start":{"line":17,"column":9},"end":{"line":17,"column":13}},"loc":{"start":{"line":17,"column":17},"end":{"line":19,"column":1}},"line":17}},"branchMap":{"0":{"loc":{"start":{"line":8,"column":2},"end":{"line":8,"column":48}},"type":"if","locations":[{"start":{"line":8,"column":2},"end":{"line":8,"column":48}},{"start":{"line":8,"column":2},"end":{"line":8,"column":48}}],"line":8},"1":{"loc":{"start":{"line":8,"column":6},"end":{"line":8,"column":28}},"type":"binary-expr","locations":[{"start":{"line":8,"column":6},"end":{"line":8,"column":15}},{"start":{"line":8,"column":19},"end":{"line":8,"column":28}}],"line":8},"2":{"loc":{"start":{"line":9,"column":2},"end":{"line":9,"column":30}},"type":"if","locations":[{"start":{"line":9,"column":2},"end":{"line":9,"column":30}},{"start":{"line":9,"column":2},"end":{"line":9,"column":30}}],"line":9},"3":{"loc":{"start":{"line":10,"column":2},"end":{"line":10,"column":30}},"type":"if","locations":[{"start":{"line":10,"column":2},"end":{"line":10,"column":30}},{"start":{"line":10,"column":2},"end":{"line":10,"column":30}}],"line":10}},"s":{"0":0,"1":0,"2":4,"3":1,"4":3,"5":1,"6":2,"7":1,"8":5,"9":6},"f":{"0":0,"1":0,"2":4,"3":5,"4":6},"b":{"0":[1,3],"1":[4,2],"2":[1,2],"3":[1,1]},"_coverageSchema":"43e27e138ebf9cfc5966b082cf9a028302ed4184","hash":"c2da04b137c898861170ba36dac054cd075ac60c"}
}
