TN:
SF:/Users/muratanaoya/work/chat-vue-sample/src/service/fizz_buzz.js
FN:1,fizzBuzz
FN:2,(anonymous_1)
FN:7,calcFizzBuzz
FN:13,buzz
FN:17,fizz
FNF:5
FNH:3
FNDA:0,fizzBuzz
FNDA:0,(anonymous_1)
FNDA:4,calcFizzBuzz
FNDA:5,buzz
FNDA:6,fizz
DA:2,0
DA:3,0
DA:8,4
DA:9,3
DA:10,2
DA:14,5
DA:18,6
LF:7
LH:5
BRDA:8,0,0,1
BRDA:8,0,1,3
BRDA:8,1,0,4
BRDA:8,1,1,2
BRDA:9,2,0,1
BRDA:9,2,1,2
BRDA:10,3,0,1
BRDA:10,3,1,1
BRF:8
BRH:8
end_of_record
TN:
SF:/Users/muratanaoya/work/chat-vue-sample/src/service/post_comment.js
FN:1,postComment
FN:6,validPost
FNF:2
FNH:2
FNDA:1,postComment
FNDA:3,validPost
DA:2,1
DA:3,1
DA:7,3
DA:8,3
DA:9,3
DA:10,3
LF:6
LH:6
BRDA:8,0,0,1
BRDA:8,0,1,2
BRDA:9,1,0,1
BRDA:9,1,1,2
BRF:4
BRH:4
end_of_record
